2020-10-18 19:11:12 INFO  Version:21 - HV000001: Hibernate Validator 6.0.16.Final
2020-10-18 19:11:13 INFO  Application:50 - Starting Application on DESKTOP-I28N2U8 with PID 21156 (D:\Project\foodie\foodie-dev\foodie-dev-api\target\classes started by think in D:\Project\foodie\foodie-dev)
2020-10-18 19:11:13 INFO  Application:675 - No active profile set, falling back to default profiles: default
2020-10-18 19:11:14 WARN  ClassPathMapperScanner:44 - No MyBatis mapper was found in '[com.imooc]' package. Please check your configuration.
2020-10-18 19:11:14 INFO  PostProcessorRegistrationDelegate$BeanPostProcessorChecker:330 - Bean 'org.springframework.transaction.annotation.ProxyTransactionManagementConfiguration' of type [org.springframework.transaction.annotation.ProxyTransactionManagementConfiguration$$EnhancerBySpringCGLIB$$3c54a83e] is not eligible for getting processed by all BeanPostProcessors (for example: not eligible for auto-proxying)
2020-10-18 19:11:15 INFO  TomcatWebServer:90 - Tomcat initialized with port(s): 8088 (http)
2020-10-18 19:11:15 INFO  ContextLoader:296 - Root WebApplicationContext: initialization completed in 2179 ms
2020-10-18 19:11:17 INFO  ThreadPoolTaskExecutor:171 - Initializing ExecutorService 'applicationTaskExecutor'
2020-10-18 19:11:17 INFO  MapperCacheDisabler:60 - Clear tk.mybatis.mapper.util.MsUtil CLASS_CACHE cache.
2020-10-18 19:11:17 INFO  MapperCacheDisabler:60 - Clear tk.mybatis.mapper.genid.GenIdUtil CACHE cache.
2020-10-18 19:11:17 INFO  MapperCacheDisabler:60 - Clear tk.mybatis.mapper.version.VersionUtil CACHE cache.
2020-10-18 19:11:17 INFO  MapperCacheDisabler:83 - Clear EntityHelper entityTableMap cache.
2020-10-18 19:11:17 INFO  DocumentationPluginsBootstrapper:84 - Context refreshed
2020-10-18 19:11:17 INFO  DocumentationPluginsBootstrapper:87 - Found 1 custom documentation plugin(s)
2020-10-18 19:11:17 INFO  ApiListingReferenceScanner:44 - Scanning for api listing references
2020-10-18 19:11:17 INFO  TomcatWebServer:204 - Tomcat started on port(s): 8088 (http) with context path ''
2020-10-18 19:11:17 INFO  Application:59 - Started Application in 5.176 seconds (JVM running for 6.496)
2020-10-18 19:11:31 INFO  DispatcherServlet:524 - Initializing Servlet 'dispatcherServlet'
2020-10-18 19:11:31 INFO  DispatcherServlet:546 - Completed initialization in 13 ms
2020-10-18 19:11:31 INFO  ServiceLogAspect:41 - ======= 开始执行 class com.imooc.service.impl.CarouselServiceImpl.queryAll =======
2020-10-18 19:11:31 INFO  HikariDataSource:110 - DataSourceHikariCP - Starting...
2020-10-18 19:11:32 INFO  HikariDataSource:123 - DataSourceHikariCP - Start completed.
2020-10-18 19:11:32 INFO  ServiceLogAspect:60 - ======= 执行结束，耗时1136 毫秒 =======
